<?xml version="1.0" encoding="UTF-8"?>
<!-- Generated by org.testng.reporters.JUnitReportReporter -->
<testsuite hostname="IBSNOINB10241" failures="0" tests="2" name="MavenProject1.LoginClass" time="8.806" errors="0" timestamp="2021-08-07T19:41:01 IST" skipped="0">
  <testcase classname="MavenProject1.LoginClass" name="browserLaunch" time="8.804"/>
  <system-out/>
  <testcase classname="MavenProject1.LoginClass" name="signInClick" time="0.002"/>
  <system-out/>
</testsuite> <!-- MavenProject1.LoginClass -->
