<?xml version="1.0" encoding="UTF-8"?>
<!-- Generated by org.testng.reporters.JUnitReportReporter -->
<testsuite hostname="IBSNOINB10241" failures="0" tests="1" name="MavenProject1.ValidateHeaderTest" time="2.235" errors="0" timestamp="2021-08-10T14:27:04 IST" skipped="0">
  <testcase classname="MavenProject1.ValidateHeaderTest" name="validateHeader" time="2.235"/>
  <system-out/>
</testsuite> <!-- MavenProject1.ValidateHeaderTest -->
