<?xml version="1.0" encoding="UTF-8"?>
<!-- Generated by org.testng.reporters.JUnitReportReporter -->
<testsuite hostname="IBSNOINB10241" failures="0" tests="1" name="MavenProject1.dummy" time="0.550" errors="0" timestamp="2021-08-09T18:48:29 IST" skipped="0">
  <testcase classname="MavenProject1.dummy" name="readExcel" time="0.550"/>
  <system-out/>
</testsuite> <!-- MavenProject1.dummy -->
