<?xml version="1.0" encoding="UTF-8"?>
<!-- Generated by org.testng.reporters.JUnitReportReporter -->
<testsuite hostname="IBSNOINB10241" failures="0" tests="1" name="MavenProject1.dadaProvidingClass" time="0.526" errors="0" timestamp="2021-08-09T18:52:44 IST" skipped="0">
  <testcase classname="MavenProject1.dadaProvidingClass" name="readExcel" time="0.526"/>
  <system-out/>
</testsuite> <!-- MavenProject1.dadaProvidingClass -->
