<?xml version="1.0" encoding="UTF-8"?>
<!-- Generated by org.testng.reporters.JUnitReportReporter -->
<testsuite hostname="IBSNOINB10241" failures="0" tests="1" name="MavenProject1.ValidateHeader" time="0.077" errors="0" timestamp="2021-08-10T10:12:52 IST" skipped="0">
  <testcase classname="MavenProject1.ValidateHeader" name="validateHeader" time="0.077"/>
  <system-out/>
</testsuite> <!-- MavenProject1.ValidateHeader -->
