<?xml version="1.0" encoding="UTF-8"?>
<!-- Generated by org.testng.reporters.JUnitReportReporter -->
<testsuite hostname="IBSNOINB10241" failures="0" tests="1" name="MavenProject1.ValidateTitle" time="0.052" errors="0" timestamp="2021-08-10T10:06:50 IST" skipped="0">
  <testcase classname="MavenProject1.ValidateTitle" name="validateTitle" time="0.052"/>
  <system-out/>
</testsuite> <!-- MavenProject1.ValidateTitle -->
