<?xml version="1.0" encoding="UTF-8"?>
<!-- Generated by org.testng.reporters.JUnitReportReporter -->
<testsuite hostname="IBSNOINB10241" failures="0" tests="5" name="MavenProject1.LoginClass" time="42.903" errors="0" timestamp="2021-08-10T09:58:23 IST" skipped="0">
  <testcase classname="MavenProject1.LoginClass" name="signInClick" time="19.783"/>
  <system-out/>
  <testcase classname="MavenProject1.LoginClass" name="signInClick" time="5.289"/>
  <system-out/>
  <testcase classname="MavenProject1.LoginClass" name="signInClick" time="4.246"/>
  <system-out/>
  <testcase classname="MavenProject1.LoginClass" name="signInClick" time="5.179"/>
  <system-out/>
  <testcase classname="MavenProject1.LoginClass" name="signInClick" time="8.406"/>
  <system-out/>
</testsuite> <!-- MavenProject1.LoginClass -->
