<?xml version="1.0" encoding="UTF-8"?>
<!-- Generated by org.testng.reporters.JUnitReportReporter -->
<testsuite hostname="IBSNOINB10241" failures="0" tests="1" name="MavenProject1.ValidateTitleTest" time="1.692" errors="0" timestamp="2021-08-10T14:27:04 IST" skipped="0">
  <testcase classname="MavenProject1.ValidateTitleTest" name="validateTitle" time="1.692"/>
  <system-out/>
</testsuite> <!-- MavenProject1.ValidateTitleTest -->
