<?xml version="1.0" encoding="UTF-8"?>
<!-- Generated by org.testng.reporters.JUnitReportReporter -->
<testsuite hostname="IBSNOINB10241" failures="0" tests="1" name="MavenProject1.ProjectStart" time="0.009" errors="0" timestamp="2021-08-07T19:26:09 IST" skipped="0">
  <testcase classname="MavenProject1.ProjectStart" name="TC1" time="0.009"/>
  <system-out/>
</testsuite> <!-- MavenProject1.ProjectStart -->
