<?xml version="1.0" encoding="UTF-8"?>
<!-- Generated by org.testng.reporters.JUnitReportReporter -->
<testsuite hostname="IBSNOINB10241" failures="0" tests="4" name="MavenProject1.LoginClass" time="36.784" errors="0" timestamp="2021-08-09T19:48:06 IST" skipped="0">
  <testcase classname="MavenProject1.LoginClass" name="signInClick" time="6.251"/>
  <system-out/>
  <testcase classname="MavenProject1.LoginClass" name="signInClick" time="15.381"/>
  <system-out/>
  <testcase classname="MavenProject1.LoginClass" name="signInClick" time="4.664"/>
  <system-out/>
  <testcase classname="MavenProject1.LoginClass" name="signInClick" time="10.488"/>
  <system-out/>
</testsuite> <!-- MavenProject1.LoginClass -->
