<?xml version="1.0" encoding="UTF-8"?>
<!-- Generated by org.testng.reporters.JUnitReportReporter -->
<testsuite hostname="IBSNOINB10241" failures="0" tests="1" name="MavenProject1.BaseClass" time="14.671" errors="0" timestamp="2021-08-07T19:37:06 IST" skipped="0">
  <testcase classname="MavenProject1.BaseClass" name="browserLaunch" time="14.671"/>
  <system-out/>
</testsuite> <!-- MavenProject1.BaseClass -->
