<?xml version="1.0" encoding="UTF-8"?>
<!-- Generated by org.testng.reporters.JUnitReportReporter -->
<testsuite skipped="0" hostname="DESKTOP-HU3IM2H" name="MavenProject1.ValidateHeaderTest" tests="1" failures="0" timestamp="2021-08-11T09:58:18 IST" time="0.129" errors="0">
  <testcase name="validateHeader" time="0.129" classname="MavenProject1.ValidateHeaderTest"/>
  <system-out/>
</testsuite> <!-- MavenProject1.ValidateHeaderTest -->
